This file contains any messages produced by compilers while
running configure, to aid debugging if configure makes a mistake.

It was created by NHocr configure 0.20, which was
generated by GNU Autoconf 2.68.  Invocation command line was

  $ ./configure --prefix=/home/fedora/nhocr --with-O2tools=/home/fedora/O2 --with-libgramd-client

## --------- ##
## Platform. ##
## --------- ##

hostname = fedora16
uname -m = i686
uname -r = 3.2.9-1.fc16.i686
uname -s = Linux
uname -v = #1 SMP Thu Mar 1 01:58:05 UTC 2012

/usr/bin/uname -p = unknown
/bin/uname -X     = unknown

/bin/arch              = i686
/usr/bin/arch -k       = unknown
/usr/convex/getsysinfo = unknown
/usr/bin/hostinfo      = unknown
/bin/machine           = unknown
/usr/bin/oslevel       = unknown
/bin/universe          = unknown

PATH: /usr/local/bin
PATH: /usr/bin
PATH: /bin
PATH: /usr/local/sbin
PATH: /usr/sbin
PATH: /sbin
PATH: /home/fedora/.local/bin
PATH: /home/fedora/bin


## ----------- ##
## Core tests. ##
## ----------- ##

configure:2037: checking for a BSD-compatible install
configure:2105: result: /usr/bin/install -c
configure:2116: checking whether build environment is sane
configure:2166: result: yes
configure:2307: checking for a thread-safe mkdir -p
configure:2346: result: /bin/mkdir -p
configure:2359: checking for gawk
configure:2375: found /usr/bin/gawk
configure:2386: result: gawk
configure:2397: checking whether make sets $(MAKE)
configure:2419: result: yes
configure:2606: checking for gcc
configure:2622: found /usr/bin/gcc
configure:2633: result: gcc
configure:2862: checking for C compiler version
configure:2871: gcc --version >&5
gcc (GCC) 4.6.2 20111027 (Red Hat 4.6.2-1)
Copyright (C) 2011 Free Software Foundation, Inc.
This is free software; see the source for copying conditions.  There is NO
warranty; not even for MERCHANTABILITY or FITNESS FOR A PARTICULAR PURPOSE.

configure:2882: $? = 0
configure:2871: gcc -v >&5
Using built-in specs.
COLLECT_GCC=gcc
COLLECT_LTO_WRAPPER=/usr/libexec/gcc/i686-redhat-linux/4.6.2/lto-wrapper
Target: i686-redhat-linux
Configured with: ../configure --prefix=/usr --mandir=/usr/share/man --infodir=/usr/share/info --with-bugurl=http://bugzilla.redhat.com/bugzilla --enable-bootstrap --enable-shared --enable-threads=posix --enable-checking=release --with-system-zlib --enable-__cxa_atexit --disable-libunwind-exceptions --enable-gnu-unique-object --enable-linker-build-id --enable-languages=c,c++,objc,obj-c++,java,fortran,ada,go,lto --enable-plugin --enable-java-awt=gtk --disable-dssi --with-java-home=/usr/lib/jvm/java-1.5.0-gcj-1.5.0.0/jre --enable-libgcj-multifile --enable-java-maintainer-mode --with-ecj-jar=/usr/share/java/eclipse-ecj.jar --disable-libjava-multilib --with-ppl --with-cloog --with-tune=generic --with-arch=i686 --build=i686-redhat-linux
Thread model: posix
gcc version 4.6.2 20111027 (Red Hat 4.6.2-1) (GCC) 
configure:2882: $? = 0
configure:2871: gcc -V >&5
gcc: error: unrecognized option '-V'
gcc: fatal error: no input files
compilation terminated.
configure:2882: $? = 4
configure:2871: gcc -qversion >&5
gcc: error: unrecognized option '-qversion'
gcc: fatal error: no input files
compilation terminated.
configure:2882: $? = 4
configure:2902: checking whether the C compiler works
configure:2924: gcc -O3 --unroll-loops -I/home/fedora/O2/include  -Iyes/include -DDICDIR=\"${datarootdir}\"  -L/home/fedora/O2/lib  -Lyes/lib  conftest.c  >&5
<command-line>:0:9: warning: missing terminating " character [enabled by default]
configure:2928: $? = 0
configure:2976: result: yes
configure:2979: checking for C compiler default output file name
configure:2981: result: a.out
configure:2987: checking for suffix of executables
configure:2994: gcc -o conftest -O3 --unroll-loops -I/home/fedora/O2/include  -Iyes/include -DDICDIR=\"${datarootdir}\"  -L/home/fedora/O2/lib  -Lyes/lib  conftest.c  >&5
<command-line>:0:9: warning: missing terminating " character [enabled by default]
configure:2998: $? = 0
configure:3020: result: 
configure:3042: checking whether we are cross compiling
configure:3050: gcc -o conftest -O3 --unroll-loops -I/home/fedora/O2/include  -Iyes/include -DDICDIR=\"${datarootdir}\"  -L/home/fedora/O2/lib  -Lyes/lib  conftest.c  >&5
<command-line>:0:9: warning: missing terminating " character [enabled by default]
configure:3054: $? = 0
configure:3061: ./conftest
configure:3065: $? = 0
configure:3080: result: no
configure:3085: checking for suffix of object files
configure:3107: gcc -c -O3 --unroll-loops -I/home/fedora/O2/include  -Iyes/include -DDICDIR=\"${datarootdir}\"  conftest.c >&5
<command-line>:0:9: warning: missing terminating " character [enabled by default]
configure:3111: $? = 0
configure:3132: result: o
configure:3136: checking whether we are using the GNU C compiler
configure:3155: gcc -c -O3 --unroll-loops -I/home/fedora/O2/include  -Iyes/include -DDICDIR=\"${datarootdir}\"  conftest.c >&5
<command-line>:0:9: warning: missing terminating " character [enabled by default]
configure:3155: $? = 0
configure:3164: result: yes
configure:3173: checking whether gcc accepts -g
configure:3193: gcc -c -g -I/home/fedora/O2/include  -Iyes/include -DDICDIR=\"${datarootdir}\"  conftest.c >&5
<command-line>:0:9: warning: missing terminating " character [enabled by default]
configure:3193: $? = 0
configure: failed program was:
| /* confdefs.h */
| #define PACKAGE_NAME "NHocr"
| #define PACKAGE_TARNAME "nhocr"
| #define PACKAGE_VERSION "0.20"
| #define PACKAGE_STRING "NHocr 0.20"
| #define PACKAGE_BUGREPORT "http://www.imglab.org/"
| #define PACKAGE_URL ""
| #define PACKAGE "nhocr"
| #define VERSION "0.20"
| #define HAVE_LIBGRAMDCLIENT 1
| /* end confdefs.h.  */
| 
| int
| main ()
| {
| 
|   ;
|   return 0;
| }
configure:3208: gcc -c  -I/home/fedora/O2/include  -Iyes/include -DDICDIR=\"${datarootdir}\"  conftest.c >&5
<command-line>:0:9: warning: missing terminating " character [enabled by default]
configure:3208: $? = 0
configure: failed program was:
| /* confdefs.h */
| #define PACKAGE_NAME "NHocr"
| #define PACKAGE_TARNAME "nhocr"
| #define PACKAGE_VERSION "0.20"
| #define PACKAGE_STRING "NHocr 0.20"
| #define PACKAGE_BUGREPORT "http://www.imglab.org/"
| #define PACKAGE_URL ""
| #define PACKAGE "nhocr"
| #define VERSION "0.20"
| #define HAVE_LIBGRAMDCLIENT 1
| /* end confdefs.h.  */
| 
| int
| main ()
| {
| 
|   ;
|   return 0;
| }
configure:3224: gcc -c -g -I/home/fedora/O2/include  -Iyes/include -DDICDIR=\"${datarootdir}\"  conftest.c >&5
<command-line>:0:9: warning: missing terminating " character [enabled by default]
configure:3224: $? = 0
configure:3234: result: yes
configure:3251: checking for gcc option to accept ISO C89
configure:3315: gcc  -c -O3 --unroll-loops -I/home/fedora/O2/include  -Iyes/include -DDICDIR=\"${datarootdir}\"  conftest.c >&5
<command-line>:0:9: warning: missing terminating " character [enabled by default]
configure:3315: $? = 0
configure:3328: result: none needed
configure:3359: checking for style of include used by make
configure:3387: result: GNU
configure:3412: checking dependency style of gcc
configure:3522: result: gcc3
configure:3595: checking for g++
configure:3611: found /usr/bin/g++
configure:3622: result: g++
configure:3649: checking for C++ compiler version
configure:3658: g++ --version >&5
g++ (GCC) 4.6.2 20111027 (Red Hat 4.6.2-1)
Copyright (C) 2011 Free Software Foundation, Inc.
This is free software; see the source for copying conditions.  There is NO
warranty; not even for MERCHANTABILITY or FITNESS FOR A PARTICULAR PURPOSE.

configure:3669: $? = 0
configure:3658: g++ -v >&5
Using built-in specs.
COLLECT_GCC=g++
COLLECT_LTO_WRAPPER=/usr/libexec/gcc/i686-redhat-linux/4.6.2/lto-wrapper
Target: i686-redhat-linux
Configured with: ../configure --prefix=/usr --mandir=/usr/share/man --infodir=/usr/share/info --with-bugurl=http://bugzilla.redhat.com/bugzilla --enable-bootstrap --enable-shared --enable-threads=posix --enable-checking=release --with-system-zlib --enable-__cxa_atexit --disable-libunwind-exceptions --enable-gnu-unique-object --enable-linker-build-id --enable-languages=c,c++,objc,obj-c++,java,fortran,ada,go,lto --enable-plugin --enable-java-awt=gtk --disable-dssi --with-java-home=/usr/lib/jvm/java-1.5.0-gcj-1.5.0.0/jre --enable-libgcj-multifile --enable-java-maintainer-mode --with-ecj-jar=/usr/share/java/eclipse-ecj.jar --disable-libjava-multilib --with-ppl --with-cloog --with-tune=generic --with-arch=i686 --build=i686-redhat-linux
Thread model: posix
gcc version 4.6.2 20111027 (Red Hat 4.6.2-1) (GCC) 
configure:3669: $? = 0
configure:3658: g++ -V >&5
g++: error: unrecognized option '-V'
g++: fatal error: no input files
compilation terminated.
configure:3669: $? = 4
configure:3658: g++ -qversion >&5
g++: error: unrecognized option '-qversion'
g++: fatal error: no input files
compilation terminated.
configure:3669: $? = 4
configure:3673: checking whether we are using the GNU C++ compiler
configure:3692: g++ -c -O3 --unroll-loops -I/home/fedora/O2/include  -Iyes/include -DDICDIR=\"${datarootdir}\"  conftest.cpp >&5
<command-line>:0:9: warning: missing terminating " character [enabled by default]
configure:3692: $? = 0
configure:3701: result: yes
configure:3710: checking whether g++ accepts -g
configure:3730: g++ -c -g -I/home/fedora/O2/include  -Iyes/include -DDICDIR=\"${datarootdir}\"  conftest.cpp >&5
<command-line>:0:9: warning: missing terminating " character [enabled by default]
configure:3730: $? = 0
configure: failed program was:
| /* confdefs.h */
| #define PACKAGE_NAME "NHocr"
| #define PACKAGE_TARNAME "nhocr"
| #define PACKAGE_VERSION "0.20"
| #define PACKAGE_STRING "NHocr 0.20"
| #define PACKAGE_BUGREPORT "http://www.imglab.org/"
| #define PACKAGE_URL ""
| #define PACKAGE "nhocr"
| #define VERSION "0.20"
| #define HAVE_LIBGRAMDCLIENT 1
| /* end confdefs.h.  */
| 
| int
| main ()
| {
| 
|   ;
|   return 0;
| }
configure:3745: g++ -c  -I/home/fedora/O2/include  -Iyes/include -DDICDIR=\"${datarootdir}\"  conftest.cpp >&5
<command-line>:0:9: warning: missing terminating " character [enabled by default]
configure:3745: $? = 0
configure: failed program was:
| /* confdefs.h */
| #define PACKAGE_NAME "NHocr"
| #define PACKAGE_TARNAME "nhocr"
| #define PACKAGE_VERSION "0.20"
| #define PACKAGE_STRING "NHocr 0.20"
| #define PACKAGE_BUGREPORT "http://www.imglab.org/"
| #define PACKAGE_URL ""
| #define PACKAGE "nhocr"
| #define VERSION "0.20"
| #define HAVE_LIBGRAMDCLIENT 1
| /* end confdefs.h.  */
| 
| int
| main ()
| {
| 
|   ;
|   return 0;
| }
configure:3761: g++ -c -g -I/home/fedora/O2/include  -Iyes/include -DDICDIR=\"${datarootdir}\"  conftest.cpp >&5
<command-line>:0:9: warning: missing terminating " character [enabled by default]
configure:3761: $? = 0
configure:3771: result: yes
configure:3796: checking dependency style of g++
configure:3906: result: gcc3
configure:3964: checking for ranlib
configure:3980: found /usr/bin/ranlib
configure:3991: result: ranlib
configure:4020: checking how to run the C preprocessor
configure:4051: gcc -E -I/home/fedora/O2/include  -Iyes/include -DDICDIR=\"${datarootdir}\"  conftest.c
<command-line>:0:9: warning: missing terminating " character [enabled by default]
configure:4051: $? = 0
configure:4065: gcc -E -I/home/fedora/O2/include  -Iyes/include -DDICDIR=\"${datarootdir}\"  conftest.c
<command-line>:0:9: warning: missing terminating " character [enabled by default]
conftest.c:12:28: fatal error: ac_nonexistent.h: No such file or directory
compilation terminated.
configure:4065: $? = 1
configure: failed program was:
| /* confdefs.h */
| #define PACKAGE_NAME "NHocr"
| #define PACKAGE_TARNAME "nhocr"
| #define PACKAGE_VERSION "0.20"
| #define PACKAGE_STRING "NHocr 0.20"
| #define PACKAGE_BUGREPORT "http://www.imglab.org/"
| #define PACKAGE_URL ""
| #define PACKAGE "nhocr"
| #define VERSION "0.20"
| #define HAVE_LIBGRAMDCLIENT 1
| /* end confdefs.h.  */
| #include <ac_nonexistent.h>
configure:4090: result: gcc -E
configure:4110: gcc -E -I/home/fedora/O2/include  -Iyes/include -DDICDIR=\"${datarootdir}\"  conftest.c
<command-line>:0:9: warning: missing terminating " character [enabled by default]
configure:4110: $? = 0
configure:4124: gcc -E -I/home/fedora/O2/include  -Iyes/include -DDICDIR=\"${datarootdir}\"  conftest.c
<command-line>:0:9: warning: missing terminating " character [enabled by default]
conftest.c:12:28: fatal error: ac_nonexistent.h: No such file or directory
compilation terminated.
configure:4124: $? = 1
configure: failed program was:
| /* confdefs.h */
| #define PACKAGE_NAME "NHocr"
| #define PACKAGE_TARNAME "nhocr"
| #define PACKAGE_VERSION "0.20"
| #define PACKAGE_STRING "NHocr 0.20"
| #define PACKAGE_BUGREPORT "http://www.imglab.org/"
| #define PACKAGE_URL ""
| #define PACKAGE "nhocr"
| #define VERSION "0.20"
| #define HAVE_LIBGRAMDCLIENT 1
| /* end confdefs.h.  */
| #include <ac_nonexistent.h>
configure:4153: checking for X
configure:4261: gcc -E -I/home/fedora/O2/include  -Iyes/include -DDICDIR=\"${datarootdir}\"  conftest.c
<command-line>:0:9: warning: missing terminating " character [enabled by default]
configure:4261: $? = 0
configure:4292: gcc -o conftest -O3 --unroll-loops -I/home/fedora/O2/include  -Iyes/include -DDICDIR=\"${datarootdir}\"  -L/home/fedora/O2/lib  -Lyes/lib  conftest.c -lX11  >&5
<command-line>:0:9: warning: missing terminating " character [enabled by default]
configure:4292: $? = 0
configure:4342: result: libraries , headers 
configure:4441: gcc -o conftest -O3 --unroll-loops -I/home/fedora/O2/include  -Iyes/include -DDICDIR=\"${datarootdir}\"  -L/home/fedora/O2/lib  -Lyes/lib  conftest.c   -lX11 >&5
<command-line>:0:9: warning: missing terminating " character [enabled by default]
configure:4441: $? = 0
configure:4539: checking for gethostbyname
configure:4539: gcc -o conftest -O3 --unroll-loops -I/home/fedora/O2/include  -Iyes/include -DDICDIR=\"${datarootdir}\"  -L/home/fedora/O2/lib  -Lyes/lib  conftest.c  >&5
<command-line>:0:9: warning: missing terminating " character [enabled by default]
configure:4539: $? = 0
configure:4539: result: yes
configure:4636: checking for connect
configure:4636: gcc -o conftest -O3 --unroll-loops -I/home/fedora/O2/include  -Iyes/include -DDICDIR=\"${datarootdir}\"  -L/home/fedora/O2/lib  -Lyes/lib  conftest.c  >&5
<command-line>:0:9: warning: missing terminating " character [enabled by default]
configure:4636: $? = 0
configure:4636: result: yes
configure:4685: checking for remove
configure:4685: gcc -o conftest -O3 --unroll-loops -I/home/fedora/O2/include  -Iyes/include -DDICDIR=\"${datarootdir}\"  -L/home/fedora/O2/lib  -Lyes/lib  conftest.c  >&5
<command-line>:0:9: warning: missing terminating " character [enabled by default]
configure:4685: $? = 0
configure:4685: result: yes
configure:4734: checking for shmat
configure:4734: gcc -o conftest -O3 --unroll-loops -I/home/fedora/O2/include  -Iyes/include -DDICDIR=\"${datarootdir}\"  -L/home/fedora/O2/lib  -Lyes/lib  conftest.c  >&5
<command-line>:0:9: warning: missing terminating " character [enabled by default]
configure:4734: $? = 0
configure:4734: result: yes
configure:4792: checking for IceConnectionNumber in -lICE
configure:4817: gcc -o conftest -O3 --unroll-loops -I/home/fedora/O2/include  -Iyes/include -DDICDIR=\"${datarootdir}\"  -L/home/fedora/O2/lib  -Lyes/lib  conftest.c -lICE   >&5
<command-line>:0:9: warning: missing terminating " character [enabled by default]
configure:4817: $? = 0
configure:4826: result: yes
configure:5024: creating ./config.status

## ---------------------- ##
## Running config.status. ##
## ---------------------- ##

This file was extended by NHocr config.status 0.20, which was
generated by GNU Autoconf 2.68.  Invocation command line was

  CONFIG_FILES    = 
  CONFIG_HEADERS  = 
  CONFIG_LINKS    = 
  CONFIG_COMMANDS = 
  $ ./config.status 

on fedora16

config.status:800: creating Makefile
config.status:800: creating nhocr/Makefile
config.status:800: creating include/Makefile
config.status:800: creating libnhocr/Makefile
config.status:800: creating dic/Makefile
config.status:800: creating makechar/Makefile
config.status:800: creating makevec/Makefile
config.status:800: creating makedic/Makefile
config.status:972: executing depfiles commands

## ---------------- ##
## Cache variables. ##
## ---------------- ##

ac_cv_c_compiler_gnu=yes
ac_cv_cxx_compiler_gnu=yes
ac_cv_env_CCC_set=
ac_cv_env_CCC_value=
ac_cv_env_CC_set=
ac_cv_env_CC_value=
ac_cv_env_CFLAGS_set=
ac_cv_env_CFLAGS_value=
ac_cv_env_CPPFLAGS_set=
ac_cv_env_CPPFLAGS_value=
ac_cv_env_CPP_set=
ac_cv_env_CPP_value=
ac_cv_env_CXXFLAGS_set=
ac_cv_env_CXXFLAGS_value=
ac_cv_env_CXX_set=
ac_cv_env_CXX_value=
ac_cv_env_LDFLAGS_set=
ac_cv_env_LDFLAGS_value=
ac_cv_env_LIBS_set=
ac_cv_env_LIBS_value=
ac_cv_env_XMKMF_set=
ac_cv_env_XMKMF_value=
ac_cv_env_build_alias_set=
ac_cv_env_build_alias_value=
ac_cv_env_host_alias_set=
ac_cv_env_host_alias_value=
ac_cv_env_target_alias_set=
ac_cv_env_target_alias_value=
ac_cv_func_connect=yes
ac_cv_func_gethostbyname=yes
ac_cv_func_remove=yes
ac_cv_func_shmat=yes
ac_cv_have_x='have_x=yes	ac_x_includes='\'''\''	ac_x_libraries='\'''\'''
ac_cv_lib_ICE_IceConnectionNumber=yes
ac_cv_objext=o
ac_cv_path_install='/usr/bin/install -c'
ac_cv_path_mkdir=/bin/mkdir
ac_cv_prog_AWK=gawk
ac_cv_prog_CPP='gcc -E'
ac_cv_prog_ac_ct_CC=gcc
ac_cv_prog_ac_ct_CXX=g++
ac_cv_prog_ac_ct_RANLIB=ranlib
ac_cv_prog_cc_c89=
ac_cv_prog_cc_g=yes
ac_cv_prog_cxx_g=yes
ac_cv_prog_make_make_set=yes
am_cv_CC_dependencies_compiler_type=gcc3
am_cv_CXX_dependencies_compiler_type=gcc3

## ----------------- ##
## Output variables. ##
## ----------------- ##

ACLOCAL='${SHELL} /home/fedora/nhocr-0.20/missing --run aclocal-1.11'
AMDEPBACKSLASH='\'
AMDEP_FALSE='#'
AMDEP_TRUE=''
AMTAR='${SHELL} /home/fedora/nhocr-0.20/missing --run tar'
AUTOCONF='${SHELL} /home/fedora/nhocr-0.20/missing --run autoconf'
AUTOHEADER='${SHELL} /home/fedora/nhocr-0.20/missing --run autoheader'
AUTOMAKE='${SHELL} /home/fedora/nhocr-0.20/missing --run automake-1.11'
AWK='gawk'
CC='gcc'
CCDEPMODE='depmode=gcc3'
CFLAGS='-O3 --unroll-loops'
CPP='gcc -E'
CPPFLAGS='-I/home/fedora/O2/include  -Iyes/include -DDICDIR=\"${datarootdir}\" '
CXX='g++'
CXXDEPMODE='depmode=gcc3'
CXXFLAGS='-O3 --unroll-loops'
CYGPATH_W='echo'
DEFS='-DPACKAGE_NAME=\"NHocr\" -DPACKAGE_TARNAME=\"nhocr\" -DPACKAGE_VERSION=\"0.20\" -DPACKAGE_STRING=\"NHocr\ 0.20\" -DPACKAGE_BUGREPORT=\"http://www.imglab.org/\" -DPACKAGE_URL=\"\" -DPACKAGE=\"nhocr\" -DVERSION=\"0.20\" -DHAVE_LIBGRAMDCLIENT=1'
DEPDIR='.deps'
ECHO_C=''
ECHO_N='-n'
ECHO_T=''
EXEEXT=''
INSTALL_DATA='${INSTALL} -m 644'
INSTALL_PROGRAM='${INSTALL}'
INSTALL_SCRIPT='${INSTALL}'
INSTALL_STRIP_PROGRAM='$(install_sh) -c -s'
LDFLAGS='-L/home/fedora/O2/lib  -Lyes/lib '
LIBGRAMDCLIENT_LDADD='-lgramdclient'
LIBOBJS=''
LIBS=''
LTLIBOBJS=''
MAKEINFO='${SHELL} /home/fedora/nhocr-0.20/missing --run makeinfo'
MKDIR_P='/bin/mkdir -p'
OBJEXT='o'
PACKAGE='nhocr'
PACKAGE_BUGREPORT='http://www.imglab.org/'
PACKAGE_NAME='NHocr'
PACKAGE_STRING='NHocr 0.20'
PACKAGE_TARNAME='nhocr'
PACKAGE_URL=''
PACKAGE_VERSION='0.20'
PATH_SEPARATOR=':'
RANLIB='ranlib'
SET_MAKE=''
SHELL='/bin/sh'
STRIP=''
VERSION='0.20'
XMKMF=''
X_CFLAGS=''
X_EXTRA_LIBS=''
X_LIBS=''
X_PRE_LIBS=' -lSM -lICE'
ac_ct_CC='gcc'
ac_ct_CXX='g++'
am__EXEEXT_FALSE=''
am__EXEEXT_TRUE='#'
am__fastdepCC_FALSE='#'
am__fastdepCC_TRUE=''
am__fastdepCXX_FALSE='#'
am__fastdepCXX_TRUE=''
am__include='include'
am__isrc=''
am__leading_dot='.'
am__quote=''
am__tar='${AMTAR} chof - "$$tardir"'
am__untar='${AMTAR} xf -'
bindir='${exec_prefix}/bin'
build_alias=''
datadir='${datarootdir}'
datarootdir='${prefix}/share'
docdir='${datarootdir}/doc/${PACKAGE_TARNAME}'
dvidir='${docdir}'
exec_prefix='${prefix}'
host_alias=''
htmldir='${docdir}'
includedir='${prefix}/include'
infodir='${datarootdir}/info'
install_sh='${SHELL} /home/fedora/nhocr-0.20/install-sh'
libdir='${exec_prefix}/lib'
libexecdir='${exec_prefix}/libexec'
localedir='${datarootdir}/locale'
localstatedir='${prefix}/var'
mandir='${datarootdir}/man'
mkdir_p='/bin/mkdir -p'
oldincludedir='/usr/include'
pdfdir='${docdir}'
prefix='/home/fedora/nhocr'
program_transform_name='s,x,x,'
psdir='${docdir}'
sbindir='${exec_prefix}/sbin'
sharedstatedir='${prefix}/com'
sysconfdir='${prefix}/etc'
target_alias=''

## ----------- ##
## confdefs.h. ##
## ----------- ##

/* confdefs.h */
#define PACKAGE_NAME "NHocr"
#define PACKAGE_TARNAME "nhocr"
#define PACKAGE_VERSION "0.20"
#define PACKAGE_STRING "NHocr 0.20"
#define PACKAGE_BUGREPORT "http://www.imglab.org/"
#define PACKAGE_URL ""
#define PACKAGE "nhocr"
#define VERSION "0.20"
#define HAVE_LIBGRAMDCLIENT 1

configure: exit 0
